TN:
SF:client/src/components/Overview/Overview.jsx
FN:14,Overview
FN:31,componentDidMount
FN:37,componentDidUpdate
FN:45,getProductInfo
FN:52,getStylesInfo
FN:60,getReviewsInfo
FN:67,handleStyleSelect
FN:71,render
FNF:8
FNH:6
FNDA:1,Overview
FNDA:1,componentDidMount
FNDA:0,componentDidUpdate
FNDA:1,getProductInfo
FNDA:1,getStylesInfo
FNDA:1,getReviewsInfo
FNDA:0,handleStyleSelect
FNDA:1,render
DA:1,1
DA:2,1
DA:3,1
DA:4,1
DA:5,1
DA:6,1
DA:7,1
DA:8,1
DA:9,1
DA:10,1
DA:11,1
DA:12,1
DA:13,1
DA:14,1
DA:15,1
DA:16,1
DA:17,1
DA:18,1
DA:19,1
DA:20,1
DA:21,1
DA:22,1
DA:23,1
DA:24,1
DA:25,1
DA:26,1
DA:27,1
DA:28,1
DA:29,1
DA:30,1
DA:31,1
DA:32,1
DA:33,1
DA:34,1
DA:35,1
DA:36,1
DA:37,1
DA:38,0
DA:39,0
DA:40,0
DA:41,0
DA:42,0
DA:43,0
DA:44,1
DA:45,1
DA:46,1
DA:47,1
DA:48,1
DA:49,1
DA:50,1
DA:51,1
DA:52,1
DA:53,1
DA:54,1
DA:55,1
DA:56,1
DA:57,1
DA:58,1
DA:59,1
DA:60,1
DA:61,1
DA:62,1
DA:63,1
DA:64,1
DA:65,1
DA:66,1
DA:67,1
DA:68,0
DA:69,0
DA:70,1
DA:71,1
DA:72,1
DA:73,1
DA:74,1
DA:75,1
DA:76,1
DA:77,1
DA:78,1
DA:79,1
DA:80,1
DA:81,1
DA:82,1
DA:83,1
DA:84,1
DA:85,1
DA:86,1
DA:87,1
DA:88,1
DA:89,1
DA:90,1
DA:91,1
DA:92,1
LF:92
LH:84
BRDA:14,0,0,1
BRDA:31,1,0,1
BRDA:45,2,0,1
BRDA:52,3,0,1
BRDA:60,4,0,1
BRDA:71,5,0,1
BRF:6
BRH:6
end_of_record
TN:
SF:client/src/components/Overview/subcomponents/AddToCart.jsx
FN:5,AddToCart
FN:6,postToCart
FN:15,handleClicked
FN:30,onClick
FNF:4
FNH:1
FNDA:1,AddToCart
FNDA:0,postToCart
FNDA:0,handleClicked
FNDA:0,onClick
DA:1,1
DA:2,1
DA:3,1
DA:4,1
DA:5,1
DA:6,1
DA:7,0
DA:8,0
DA:9,0
DA:10,0
DA:11,0
DA:12,0
DA:13,0
DA:14,1
DA:15,1
DA:16,0
DA:17,0
DA:18,0
DA:19,0
DA:20,0
DA:21,0
DA:22,0
DA:23,0
DA:24,0
DA:25,0
DA:26,1
DA:27,1
DA:28,1
DA:29,1
DA:30,1
DA:31,1
DA:32,1
DA:33,1
DA:34,1
LF:34
LH:17
BRDA:5,0,0,1
BRF:1
BRH:1
end_of_record
TN:
SF:client/src/components/Overview/subcomponents/Cart.jsx
FN:8,Cart
FN:20,handleSizeSelect
FN:24,handleQuantitySelect
FN:29,render
FNF:4
FNH:2
FNDA:1,Cart
FNDA:0,handleSizeSelect
FNDA:0,handleQuantitySelect
FNDA:1,render
DA:1,1
DA:2,1
DA:3,1
DA:4,1
DA:5,1
DA:6,1
DA:7,1
DA:8,1
DA:9,1
DA:10,1
DA:11,1
DA:12,1
DA:13,1
DA:14,1
DA:15,1
DA:16,1
DA:17,1
DA:18,1
DA:19,1
DA:20,1
DA:21,0
DA:22,0
DA:23,0
DA:24,1
DA:25,0
DA:26,0
DA:27,0
DA:28,1
DA:29,1
DA:30,1
DA:31,1
DA:32,1
DA:33,1
DA:34,1
DA:35,1
DA:36,1
DA:37,1
DA:38,1
DA:39,1
DA:40,1
LF:40
LH:34
BRDA:8,0,0,1
BRDA:29,1,0,1
BRF:2
BRH:2
end_of_record
TN:
SF:client/src/components/Overview/subcomponents/Category.jsx
FN:4,Category
FNF:1
FNH:1
FNDA:3,Category
DA:1,1
DA:2,1
DA:3,1
DA:4,1
DA:5,1
DA:6,1
DA:7,1
DA:8,1
LF:8
LH:8
BRDA:4,0,0,3
BRF:1
BRH:1
end_of_record
TN:
SF:client/src/components/Overview/subcomponents/Description.jsx
FN:4,Description
FNF:1
FNH:1
FNDA:2,Description
DA:1,1
DA:2,1
DA:3,1
DA:4,1
DA:5,1
DA:6,1
DA:7,1
DA:8,1
DA:9,1
DA:10,1
DA:11,1
LF:11
LH:11
BRDA:4,0,0,2
BRF:1
BRH:1
end_of_record
TN:
SF:client/src/components/Overview/subcomponents/DropDown.jsx
FN:7,Dropdown
FN:18,toggleMenu
FN:22,selectOption
FN:28,render
FNF:4
FNH:2
FNDA:2,Dropdown
FNDA:0,toggleMenu
FNDA:0,selectOption
FNDA:2,render
DA:1,1
DA:2,1
DA:3,1
DA:4,1
DA:5,1
DA:6,1
DA:7,1
DA:8,2
DA:9,2
DA:10,2
DA:11,2
DA:12,2
DA:13,2
DA:14,2
DA:15,2
DA:16,2
DA:17,1
DA:18,1
DA:19,0
DA:20,0
DA:21,1
DA:22,1
DA:23,0
DA:24,0
DA:25,0
DA:26,0
DA:27,1
DA:28,1
DA:29,2
DA:30,2
DA:31,2
DA:32,2
DA:33,2
DA:34,2
DA:35,2
DA:36,2
DA:37,2
DA:38,2
DA:39,2
DA:40,2
DA:41,2
DA:42,2
DA:43,0
DA:44,2
DA:45,2
DA:46,2
DA:47,2
DA:48,2
DA:49,2
DA:50,2
DA:51,2
DA:52,1
DA:53,1
DA:54,1
LF:54
LH:47
BRDA:7,0,0,2
BRDA:28,1,0,2
BRDA:42,2,0,0
BRF:3
BRH:2
end_of_record
TN:
SF:client/src/components/Overview/subcomponents/Gallery.jsx
FN:6,Gallery
FN:16,componentDidUpdate
FN:22,handleImageSelect
FN:28,render
FNF:4
FNH:2
FNDA:1,Gallery
FNDA:0,componentDidUpdate
FNDA:0,handleImageSelect
FNDA:1,render
DA:1,1
DA:2,1
DA:3,1
DA:4,1
DA:5,1
DA:6,1
DA:7,1
DA:8,1
DA:9,1
DA:10,1
DA:11,1
DA:12,1
DA:13,1
DA:14,1
DA:15,1
DA:16,1
DA:17,0
DA:18,0
DA:19,0
DA:20,0
DA:21,1
DA:22,1
DA:23,0
DA:24,0
DA:25,0
DA:26,0
DA:27,1
DA:28,1
DA:29,1
DA:30,1
DA:31,1
DA:32,1
DA:33,1
DA:34,1
DA:35,1
DA:36,1
DA:37,1
DA:38,1
DA:39,1
DA:40,1
DA:41,1
LF:41
LH:33
BRDA:6,0,0,1
BRDA:28,1,0,1
BRF:2
BRH:2
end_of_record
TN:
SF:client/src/components/Overview/subcomponents/GalleryImages.jsx
FN:7,GalleryImages
FN:12,handleUp
FN:19,handleDown
FN:34,onClick
FNF:4
FNH:1
FNDA:1,GalleryImages
FNDA:0,handleUp
FNDA:0,handleDown
FNDA:0,onClick
DA:1,1
DA:2,1
DA:3,1
DA:4,1
DA:5,1
DA:6,1
DA:7,1
DA:8,1
DA:9,1
DA:10,1
DA:11,1
DA:12,1
DA:13,0
DA:14,0
DA:15,0
DA:16,0
DA:17,0
DA:18,1
DA:19,1
DA:20,0
DA:21,0
DA:22,0
DA:23,0
DA:24,0
DA:25,1
DA:26,1
DA:27,1
DA:28,1
DA:29,1
DA:30,1
DA:31,1
DA:32,1
DA:33,1
DA:34,1
DA:35,1
DA:36,1
DA:37,1
DA:38,1
DA:39,1
DA:40,1
DA:41,1
DA:42,1
DA:43,1
DA:44,1
LF:44
LH:34
BRDA:7,0,0,1
BRDA:33,1,0,1
BRF:2
BRH:2
end_of_record
TN:
SF:client/src/components/Overview/subcomponents/Price.jsx
FN:4,Price
FN:5,whichPrice
FNF:2
FNH:2
FNDA:4,Price
FNDA:4,whichPrice
DA:1,1
DA:2,1
DA:3,1
DA:4,1
DA:5,4
DA:6,4
DA:7,1
DA:8,1
DA:9,1
DA:10,1
DA:11,1
DA:12,1
DA:13,3
DA:14,3
DA:15,3
DA:16,3
DA:17,3
DA:18,3
DA:19,3
DA:20,4
DA:21,4
DA:22,4
DA:23,4
DA:24,1
DA:25,1
DA:26,1
LF:26
LH:26
BRDA:4,0,0,4
BRDA:5,1,0,4
BRDA:6,2,0,3
BRDA:6,3,0,1
BRF:4
BRH:4
end_of_record
TN:
SF:client/src/components/Overview/subcomponents/QuantitySelector.jsx
FN:5,QuantitySelector
FN:8,selectQuantity
FNF:2
FNH:1
FNDA:1,QuantitySelector
FNDA:0,selectQuantity
DA:1,1
DA:2,1
DA:3,1
DA:4,1
DA:5,1
DA:6,1
DA:7,1
DA:8,1
DA:9,0
DA:10,0
DA:11,0
DA:12,1
DA:13,1
DA:14,1
DA:15,1
DA:16,1
DA:17,1
DA:18,1
DA:19,1
LF:19
LH:16
BRDA:5,0,0,1
BRF:1
BRH:1
end_of_record
TN:
SF:client/src/components/Overview/subcomponents/Reviews.jsx
FN:5,Reviews
FNF:1
FNH:1
FNDA:2,Reviews
DA:1,1
DA:2,1
DA:3,1
DA:4,1
DA:5,1
DA:6,2
DA:7,2
DA:8,2
DA:9,2
DA:10,2
DA:11,2
DA:12,1
DA:13,1
LF:13
LH:13
BRDA:5,0,0,2
BRF:1
BRH:1
end_of_record
TN:
SF:client/src/components/Overview/subcomponents/SizeSelector.jsx
FN:4,SizeSelector
FN:7,selectSize
FNF:2
FNH:1
FNDA:1,SizeSelector
FNDA:0,selectSize
DA:1,1
DA:2,1
DA:3,1
DA:4,1
DA:5,1
DA:6,1
DA:7,1
DA:8,0
DA:9,0
DA:10,0
DA:11,1
DA:12,1
DA:13,1
DA:14,1
DA:15,1
DA:16,1
DA:17,1
DA:18,0
DA:19,0
DA:20,1
DA:21,1
DA:22,1
DA:23,1
DA:24,1
DA:25,1
DA:26,1
DA:27,1
LF:27
LH:22
BRDA:4,0,0,1
BRDA:17,1,0,0
BRDA:4,2,0,0
BRF:3
BRH:1
end_of_record
TN:
SF:client/src/components/Overview/subcomponents/StyleSelector.jsx
FN:7,StyleSelector
FN:19,onClick
FNF:2
FNH:2
FNDA:2,StyleSelector
FNDA:1,onClick
DA:1,1
DA:2,1
DA:3,1
DA:4,1
DA:5,1
DA:6,1
DA:7,1
DA:8,2
DA:9,2
DA:10,2
DA:11,2
DA:12,2
DA:13,2
DA:14,2
DA:15,2
DA:16,2
DA:17,3
DA:18,2
DA:19,2
DA:20,2
DA:21,2
DA:22,2
DA:23,2
DA:24,2
DA:25,2
DA:26,1
DA:27,1
LF:27
LH:27
BRDA:7,0,0,2
BRDA:13,1,0,4
BRDA:15,2,0,1
BRDA:16,3,0,3
BRDA:19,4,0,1
BRDA:19,5,0,3
BRDA:19,6,0,1
BRF:7
BRH:7
end_of_record
TN:
SF:client/src/components/Overview/subcomponents/Title.jsx
FN:4,Title
FNF:1
FNH:1
FNDA:3,Title
DA:1,1
DA:2,1
DA:3,1
DA:4,1
DA:5,1
DA:6,1
DA:7,1
DA:8,1
DA:9,1
DA:10,1
LF:10
LH:10
BRDA:4,0,0,3
BRF:1
BRH:1
end_of_record
TN:
SF:client/src/components/RatingsAndReviews/ProductBreakdown/ProductBreakdown.jsx
FN:4,ProductBreakdown
FNF:1
FNH:1
FNDA:1,ProductBreakdown
DA:1,1
DA:2,1
DA:3,1
DA:4,1
DA:5,1
DA:6,1
DA:7,1
DA:8,1
DA:9,1
DA:10,1
LF:10
LH:10
BRDA:4,0,0,1
BRF:1
BRH:1
end_of_record
TN:
SF:client/src/components/Related/Card.jsx
FN:8,Card
FN:15,comparisonClick
FN:20,comparison
FN:47,onClick
FNF:4
FNH:1
FNDA:2,Card
FNDA:0,comparisonClick
FNDA:0,comparison
FNDA:0,onClick
DA:1,1
DA:2,1
DA:3,1
DA:4,1
DA:5,1
DA:6,1
DA:7,1
DA:8,1
DA:9,2
DA:10,2
DA:11,2
DA:12,2
DA:13,2
DA:14,2
DA:15,2
DA:16,0
DA:17,0
DA:18,0
DA:19,2
DA:20,2
DA:21,0
DA:22,0
DA:23,0
DA:24,0
DA:25,0
DA:26,0
DA:27,0
DA:28,0
DA:29,0
DA:30,0
DA:31,0
DA:32,0
DA:33,0
DA:34,0
DA:35,0
DA:36,0
DA:37,0
DA:38,0
DA:39,0
DA:40,0
DA:41,0
DA:42,0
DA:43,0
DA:44,0
DA:45,2
DA:46,2
DA:47,2
DA:48,2
DA:49,2
DA:50,2
DA:51,2
DA:52,2
DA:53,2
DA:54,2
DA:55,2
DA:56,2
DA:57,2
DA:58,2
DA:59,2
DA:60,2
DA:61,2
DA:62,2
DA:63,1
DA:64,1
LF:64
LH:37
BRDA:8,0,0,2
BRDA:54,1,0,0
BRF:2
BRH:1
end_of_record
TN:
SF:client/src/components/Related/Cards.jsx
FN:8,Cards
FN:13,handleUp
FN:20,handleDown
FNF:3
FNH:1
FNDA:3,Cards
FNDA:0,handleUp
FNDA:0,handleDown
DA:1,1
DA:2,1
DA:3,1
DA:4,1
DA:5,1
DA:6,1
DA:7,1
DA:8,1
DA:9,3
DA:10,3
DA:11,3
DA:12,3
DA:13,3
DA:14,0
DA:15,0
DA:16,0
DA:17,0
DA:18,0
DA:19,3
DA:20,3
DA:21,0
DA:22,0
DA:23,0
DA:24,0
DA:25,0
DA:26,3
DA:27,3
DA:28,3
DA:29,3
DA:30,3
DA:31,3
DA:32,3
DA:33,3
DA:34,3
DA:35,3
DA:36,3
DA:37,3
DA:38,3
DA:39,3
DA:40,3
DA:41,3
DA:42,3
DA:43,3
DA:44,3
DA:45,1
DA:46,1
LF:46
LH:36
BRDA:8,0,0,3
BRDA:34,1,0,1
BRF:2
BRH:2
end_of_record
TN:
SF:client/src/components/Related/Related.jsx
FN:6,Related
FN:11,getRelatedProducts
FN:11,_getRelatedProducts
FN:12,_callee2
FN:12,_callee2$
FN:11,getCurrProduct
FN:11,_getCurrProduct
FN:29,_callee3
FN:29,_callee3$
FNF:9
FNH:9
FNDA:1,Related
FNDA:1,getRelatedProducts
FNDA:1,_getRelatedProducts
FNDA:1,_callee2
FNDA:1,_callee2$
FNDA:1,getCurrProduct
FNDA:1,_getCurrProduct
FNDA:1,_callee3
FNDA:1,_callee3$
DA:1,1
DA:2,1
DA:3,1
DA:4,1
DA:5,1
DA:6,1
DA:7,1
DA:8,1
DA:9,1
DA:10,1
DA:11,1
DA:12,1
DA:13,0
DA:14,0
DA:15,0
DA:16,0
DA:17,0
DA:18,0
DA:19,0
DA:20,0
DA:21,0
DA:22,0
DA:23,0
DA:24,0
DA:25,0
DA:26,1
DA:27,1
DA:28,1
DA:29,1
DA:30,0
DA:31,1
DA:32,1
DA:33,1
DA:34,1
DA:35,1
DA:36,1
DA:37,1
DA:38,1
DA:39,1
DA:40,1
DA:41,1
DA:42,1
DA:43,1
DA:44,1
DA:45,1
DA:46,1
DA:47,1
DA:48,1
LF:48
LH:34
BRDA:6,0,0,1
BRDA:11,1,0,1
BRDA:11,2,0,1
BRDA:11,3,0,1
BRDA:12,4,0,1
BRDA:12,5,0,1
BRDA:12,6,0,0
BRDA:12,7,0,0
BRDA:12,8,0,0
BRDA:11,9,0,1
BRDA:11,10,0,1
BRDA:29,11,0,1
BRDA:29,12,0,1
BRDA:29,13,0,0
BRDA:29,14,0,0
BRDA:29,15,0,0
BRF:16
BRH:10
end_of_record
TN:
SF:client/src/components/Shared/Ratings.jsx
FN:7,Ratings
FN:14,populateStar
FNF:2
FNH:2
FNDA:1,Ratings
FNDA:1,populateStar
DA:1,1
DA:2,1
DA:3,1
DA:4,1
DA:5,1
DA:6,1
DA:7,1
DA:8,1
DA:9,1
DA:10,1
DA:11,1
DA:12,1
DA:13,1
DA:14,1
DA:15,1
DA:16,1
DA:17,5
DA:18,5
DA:19,5
DA:20,1
DA:21,1
DA:22,0
DA:23,0
DA:24,0
DA:25,1
DA:26,1
DA:27,1
DA:28,1
DA:29,1
DA:30,1
DA:31,1
DA:32,1
DA:33,1
DA:34,1
DA:35,1
DA:36,1
DA:37,1
DA:38,1
LF:38
LH:35
BRDA:7,0,0,1
BRDA:9,1,0,1
BRDA:14,2,0,1
BRDA:16,3,0,5
BRDA:21,4,0,0
BRF:5
BRH:4
end_of_record
